0 info it worked if it ends with ok
1 verbose cli [ '/usr/local/bin/node',
1 verbose cli   '/usr/local/lib/node_modules/cnpm/node_modules/.bin/npm',
1 verbose cli   '--userconfig=/Users/working/.cnpmrc',
1 verbose cli   '--disturl=https://npm.taobao.org/mirrors/node',
1 verbose cli   '--registry=https://registry.npm.taobao.org',
1 verbose cli   'run-script',
1 verbose cli   'package' ]
2 info using npm@3.10.10
3 info using node@v6.10.3
4 verbose run-script [ 'prepackage', 'package', 'postpackage' ]
5 info lifecycle markdown-editor@0.0.1~prepackage: markdown-editor@0.0.1
6 silly lifecycle markdown-editor@0.0.1~prepackage: no script for prepackage, continuing
7 info lifecycle markdown-editor@0.0.1~package: markdown-editor@0.0.1
8 verbose lifecycle markdown-editor@0.0.1~package: unsafe-perm in lifecycle true
9 verbose lifecycle markdown-editor@0.0.1~package: PATH: /usr/local/lib/node_modules/cnpm/node_modules/npm/bin/node-gyp-bin:/Users/Shared/github/markdown-editor/app/node_modules/.bin:/Users/working/.yarn/bin:/usr/local/bin:/usr/bin:/bin:/usr/sbin:/sbin
10 verbose lifecycle markdown-editor@0.0.1~package: CWD: /Users/Shared/github/markdown-editor/app
11 silly lifecycle markdown-editor@0.0.1~package: Args: [ '-c',
11 silly lifecycle   'electron-packager . --platform=win32 --out MdEditorAll  --version 1.4.13 --overwrite --ignore=node_modules' ]
12 silly lifecycle markdown-editor@0.0.1~package: Returned: code: 1  signal: null
13 info lifecycle markdown-editor@0.0.1~package: Failed to exec package script
14 verbose stack Error: markdown-editor@0.0.1 package: `electron-packager . --platform=win32 --out MdEditorAll  --version 1.4.13 --overwrite --ignore=node_modules`
14 verbose stack Exit status 1
14 verbose stack     at EventEmitter.<anonymous> (/usr/local/lib/node_modules/cnpm/node_modules/npm/lib/utils/lifecycle.js:255:16)
14 verbose stack     at emitTwo (events.js:106:13)
14 verbose stack     at EventEmitter.emit (events.js:191:7)
14 verbose stack     at ChildProcess.<anonymous> (/usr/local/lib/node_modules/cnpm/node_modules/npm/lib/utils/spawn.js:40:14)
14 verbose stack     at emitTwo (events.js:106:13)
14 verbose stack     at ChildProcess.emit (events.js:191:7)
14 verbose stack     at maybeClose (internal/child_process.js:886:16)
14 verbose stack     at Process.ChildProcess._handle.onexit (internal/child_process.js:226:5)
15 verbose pkgid markdown-editor@0.0.1
16 verbose cwd /Users/Shared/github/markdown-editor/app
17 error Darwin 16.7.0
18 error argv "/usr/local/bin/node" "/usr/local/lib/node_modules/cnpm/node_modules/.bin/npm" "--userconfig=/Users/working/.cnpmrc" "--disturl=https://npm.taobao.org/mirrors/node" "--registry=https://registry.npm.taobao.org" "run-script" "package"
19 error node v6.10.3
20 error npm  v3.10.10
21 error code ELIFECYCLE
22 error markdown-editor@0.0.1 package: `electron-packager . --platform=win32 --out MdEditorAll  --version 1.4.13 --overwrite --ignore=node_modules`
22 error Exit status 1
23 error Failed at the markdown-editor@0.0.1 package script 'electron-packager . --platform=win32 --out MdEditorAll  --version 1.4.13 --overwrite --ignore=node_modules'.
23 error Make sure you have the latest version of node.js and npm installed.
23 error If you do, this is most likely a problem with the markdown-editor package,
23 error not with npm itself.
23 error Tell the author that this fails on your system:
23 error     electron-packager . --platform=win32 --out MdEditorAll  --version 1.4.13 --overwrite --ignore=node_modules
23 error You can get information on how to open an issue for this project with:
23 error     npm bugs markdown-editor
23 error Or if that isn't available, you can get their info via:
23 error     npm owner ls markdown-editor
23 error There is likely additional logging output above.
24 verbose exit [ 1, true ]
